t=2026-02-27T21:14:18+0800 lvl=info msg="no configuration paths supplied"
t=2026-02-27T21:14:18+0800 lvl=info msg="using configuration at default config path" path="/Users/zong-yingtsai/Library/Application Support/ngrok/ngrok.yml"
t=2026-02-27T21:14:18+0800 lvl=info msg="open config file" path="/Users/zong-yingtsai/Library/Application Support/ngrok/ngrok.yml" err=nil
t=2026-02-27T21:14:18+0800 lvl=info msg="FIPS 140 mode" enabled=false
t=2026-02-27T21:14:18+0800 lvl=info msg="starting web service" obj=web addr=127.0.0.1:4040 allow_hosts=[]
t=2026-02-27T21:14:19+0800 lvl=info msg="client session established" obj=tunnels.session
t=2026-02-27T21:14:19+0800 lvl=info msg="tunnel session started" obj=tunnels.session
t=2026-02-27T21:14:19+0800 lvl=info msg="started tunnel" obj=tunnels name=command_line addr=http://localhost:3000 url=https://brotherly-tightknit-mollie.ngrok-free.dev
t=2026-02-27T21:14:38+0800 lvl=info msg=start pg=/api/tunnels id=293372567dc238e3
t=2026-02-27T21:14:38+0800 lvl=info msg=end pg=/api/tunnels id=293372567dc238e3 status=200 dur=551.324µs
t=2026-02-27T21:15:56+0800 lvl=info msg="join connections" obj=join id=6fe3652ed38a l=[::1]:3000 r=147.92.150.197:53646
t=2026-02-27T21:16:13+0800 lvl=info msg="join connections" obj=join id=cefc06047995 l=[::1]:3000 r=147.92.149.170:34890
t=2026-02-27T21:59:05+0800 lvl=eror msg="session closed, starting reconnect loop" obj=tunnels.session obj=csess id=1d4f7c1aa7eb err="read EOF from remote peer"
t=2026-02-27T21:59:05+0800 lvl=info msg="client session established" obj=tunnels.session
t=2026-02-27T21:59:05+0800 lvl=info msg="tunnel session started" obj=tunnels.session
t=2026-02-27T21:59:09+0800 lvl=eror msg="heartbeat timeout, terminating session" obj=tunnels.session obj=csess id=f81477654bac clientid=a18b17605badb8172a9471753b799f5c
t=2026-02-27T22:01:46+0800 lvl=eror msg="heartbeat timeout, terminating session" obj=tunnels.session obj=csess id=e6d66f387752 clientid=a18b17605badb8172a9471753b799f5c
t=2026-02-27T22:01:46+0800 lvl=eror msg="session closed, starting reconnect loop" obj=tunnels.session obj=csess id=1d4f7c1aa7eb err="session closed"
t=2026-02-27T22:01:47+0800 lvl=info msg="client session established" obj=tunnels.session
t=2026-02-27T22:01:47+0800 lvl=info msg="tunnel session started" obj=tunnels.session
t=2026-02-27T22:03:17+0800 lvl=eror msg="session closed, starting reconnect loop" obj=tunnels.session obj=csess id=1d4f7c1aa7eb err="read EOF from remote peer"
t=2026-02-27T22:03:18+0800 lvl=info msg="client session established" obj=tunnels.session
t=2026-02-27T22:03:18+0800 lvl=info msg="tunnel session started" obj=tunnels.session
t=2026-02-27T22:03:21+0800 lvl=eror msg="heartbeat timeout, terminating session" obj=tunnels.session obj=csess id=4a8dd5e8c56d clientid=a18b17605badb8172a9471753b799f5c
t=2026-02-27T22:16:09+0800 lvl=eror msg="heartbeat timeout, terminating session" obj=tunnels.session obj=csess id=403904563986 clientid=a18b17605badb8172a9471753b799f5c
t=2026-02-27T22:16:09+0800 lvl=eror msg="session closed, starting reconnect loop" obj=tunnels.session obj=csess id=1d4f7c1aa7eb err="session closed"
t=2026-02-28T02:24:24+0800 lvl=eror msg="heartbeat timeout, terminating session" obj=tunnels.session obj=csess id=9590fe791608 clientid=a18b17605badb8172a9471753b799f5c
t=2026-02-28T02:24:24+0800 lvl=eror msg="failed to reconnect session" obj=tunnels.session err="session closed"
t=2026-02-28T02:24:25+0800 lvl=info msg="client session established" obj=tunnels.session
t=2026-02-28T02:24:25+0800 lvl=info msg="tunnel session started" obj=tunnels.session
t=2026-02-28T03:29:28+0800 lvl=eror msg="session closed, starting reconnect loop" obj=tunnels.session obj=csess id=1d4f7c1aa7eb err="read tcp 192.168.68.56:57246->54.64.15.12:443: read: operation timed out"
t=2026-02-28T03:29:29+0800 lvl=info msg="client session established" obj=tunnels.session
t=2026-02-28T03:29:29+0800 lvl=info msg="tunnel session started" obj=tunnels.session
t=2026-02-28T03:29:32+0800 lvl=eror msg="heartbeat timeout, terminating session" obj=tunnels.session obj=csess id=b5fa02c39596 clientid=a18b17605badb8172a9471753b799f5c
t=2026-02-28T05:08:12+0800 lvl=eror msg="heartbeat timeout, terminating session" obj=tunnels.session obj=csess id=18a62ef6115f clientid=a18b17605badb8172a9471753b799f5c
t=2026-02-28T05:08:12+0800 lvl=eror msg="session closed, starting reconnect loop" obj=tunnels.session obj=csess id=1d4f7c1aa7eb err="session closed"
t=2026-02-28T05:08:12+0800 lvl=info msg="client session established" obj=tunnels.session
t=2026-02-28T05:08:12+0800 lvl=info msg="tunnel session started" obj=tunnels.session
t=2026-02-28T07:38:25+0800 lvl=eror msg="session closed, starting reconnect loop" obj=tunnels.session obj=csess id=1d4f7c1aa7eb err="read tcp 192.168.68.56:57387->3.113.109.144:443: read: operation timed out"
t=2026-02-28T07:38:26+0800 lvl=info msg="client session established" obj=tunnels.session
t=2026-02-28T07:38:26+0800 lvl=info msg="tunnel session started" obj=tunnels.session
t=2026-02-28T07:50:49+0800 lvl=eror msg="heartbeat timeout, terminating session" obj=tunnels.session obj=csess id=e4da134b9440 clientid=a18b17605badb8172a9471753b799f5c
t=2026-02-28T08:00:07+0800 lvl=eror msg="heartbeat timeout, terminating session" obj=tunnels.session obj=csess id=40a9880626a0 clientid=a18b17605badb8172a9471753b799f5c
t=2026-02-28T08:00:07+0800 lvl=eror msg="session closed, starting reconnect loop" obj=tunnels.session obj=csess id=1d4f7c1aa7eb err="session closed"
t=2026-02-28T08:00:07+0800 lvl=info msg="client session established" obj=tunnels.session
t=2026-02-28T08:00:07+0800 lvl=info msg="tunnel session started" obj=tunnels.session
t=2026-02-28T08:24:14+0800 lvl=eror msg="heartbeat timeout, terminating session" obj=tunnels.session obj=csess id=80e3207c56d1 clientid=a18b17605badb8172a9471753b799f5c
t=2026-02-28T08:24:14+0800 lvl=eror msg="session closed, starting reconnect loop" obj=tunnels.session obj=csess id=1d4f7c1aa7eb err="session closed"
t=2026-02-28T08:24:15+0800 lvl=info msg="client session established" obj=tunnels.session
t=2026-02-28T08:24:15+0800 lvl=info msg="tunnel session started" obj=tunnels.session
t=2026-02-28T09:51:51+0800 lvl=eror msg="session closed, starting reconnect loop" obj=tunnels.session obj=csess id=1d4f7c1aa7eb err="read tcp 192.168.68.56:57530->57.180.103.55:443: read: operation timed out"
t=2026-02-28T09:51:52+0800 lvl=info msg="client session established" obj=tunnels.session
t=2026-02-28T09:51:52+0800 lvl=info msg="tunnel session started" obj=tunnels.session
t=2026-02-28T09:51:55+0800 lvl=eror msg="heartbeat timeout, terminating session" obj=tunnels.session obj=csess id=3d10a01292cc clientid=a18b17605badb8172a9471753b799f5c
t=2026-02-28T10:05:15+0800 lvl=eror msg="heartbeat timeout, terminating session" obj=tunnels.session obj=csess id=baaa890c2d46 clientid=a18b17605badb8172a9471753b799f5c
t=2026-02-28T10:05:15+0800 lvl=eror msg="session closed, starting reconnect loop" obj=tunnels.session obj=csess id=1d4f7c1aa7eb err="session closed"
t=2026-02-28T10:05:15+0800 lvl=info msg="client session established" obj=tunnels.session
t=2026-02-28T10:05:15+0800 lvl=info msg="tunnel session started" obj=tunnels.session
t=2026-02-28T10:37:47+0800 lvl=eror msg="heartbeat timeout, terminating session" obj=tunnels.session obj=csess id=3c93d11e7322 clientid=a18b17605badb8172a9471753b799f5c
t=2026-02-28T10:37:48+0800 lvl=eror msg="session closed, starting reconnect loop" obj=tunnels.session obj=csess id=1d4f7c1aa7eb err="session closed"
t=2026-02-28T10:37:48+0800 lvl=info msg="client session established" obj=tunnels.session
t=2026-02-28T10:37:48+0800 lvl=info msg="tunnel session started" obj=tunnels.session
t=2026-02-28T10:53:11+0800 lvl=eror msg="heartbeat timeout, terminating session" obj=tunnels.session obj=csess id=b7a2ccd81b95 clientid=a18b17605badb8172a9471753b799f5c
t=2026-02-28T10:53:11+0800 lvl=eror msg="session closed, starting reconnect loop" obj=tunnels.session obj=csess id=1d4f7c1aa7eb err="session closed"
t=2026-02-28T10:53:12+0800 lvl=info msg="client session established" obj=tunnels.session
t=2026-02-28T10:53:12+0800 lvl=info msg="tunnel session started" obj=tunnels.session
t=2026-02-28T11:42:49+0800 lvl=eror msg="heartbeat timeout, terminating session" obj=tunnels.session obj=csess id=ca66bd3e8b6c clientid=a18b17605badb8172a9471753b799f5c
t=2026-02-28T11:42:49+0800 lvl=eror msg="session closed, starting reconnect loop" obj=tunnels.session obj=csess id=1d4f7c1aa7eb err="session closed"
t=2026-02-28T11:42:50+0800 lvl=info msg="client session established" obj=tunnels.session
t=2026-02-28T11:42:50+0800 lvl=info msg="tunnel session started" obj=tunnels.session
t=2026-02-28T11:54:19+0800 lvl=eror msg="heartbeat timeout, terminating session" obj=tunnels.session obj=csess id=36b81cdde6fa clientid=a18b17605badb8172a9471753b799f5c
t=2026-02-28T11:54:19+0800 lvl=eror msg="session closed, starting reconnect loop" obj=tunnels.session obj=csess id=1d4f7c1aa7eb err="session closed"
t=2026-02-28T11:54:20+0800 lvl=info msg="client session established" obj=tunnels.session
t=2026-02-28T11:54:20+0800 lvl=info msg="tunnel session started" obj=tunnels.session
t=2026-02-28T12:55:15+0800 lvl=eror msg="heartbeat timeout, terminating session" obj=tunnels.session obj=csess id=e6b70715c217 clientid=a18b17605badb8172a9471753b799f5c
t=2026-02-28T12:55:15+0800 lvl=eror msg="session closed, starting reconnect loop" obj=tunnels.session obj=csess id=1d4f7c1aa7eb err="session closed"
t=2026-02-28T12:55:16+0800 lvl=info msg="client session established" obj=tunnels.session
t=2026-02-28T12:55:16+0800 lvl=info msg="tunnel session started" obj=tunnels.session
t=2026-02-28T13:56:20+0800 lvl=eror msg="heartbeat timeout, terminating session" obj=tunnels.session obj=csess id=16c471c83738 clientid=a18b17605badb8172a9471753b799f5c
t=2026-02-28T13:56:20+0800 lvl=eror msg="session closed, starting reconnect loop" obj=tunnels.session obj=csess id=1d4f7c1aa7eb err="session closed"
t=2026-02-28T13:56:21+0800 lvl=info msg="client session established" obj=tunnels.session
t=2026-02-28T13:56:21+0800 lvl=info msg="tunnel session started" obj=tunnels.session
t=2026-02-28T14:57:22+0800 lvl=eror msg="heartbeat timeout, terminating session" obj=tunnels.session obj=csess id=2a5d9579de9c clientid=a18b17605badb8172a9471753b799f5c
t=2026-02-28T14:57:22+0800 lvl=eror msg="session closed, starting reconnect loop" obj=tunnels.session obj=csess id=1d4f7c1aa7eb err="session closed"
t=2026-02-28T14:57:22+0800 lvl=info msg="client session established" obj=tunnels.session
t=2026-02-28T14:57:22+0800 lvl=info msg="tunnel session started" obj=tunnels.session
t=2026-02-28T15:58:26+0800 lvl=eror msg="heartbeat timeout, terminating session" obj=tunnels.session obj=csess id=700fabd54e8a clientid=a18b17605badb8172a9471753b799f5c
t=2026-02-28T15:58:26+0800 lvl=eror msg="session closed, starting reconnect loop" obj=tunnels.session obj=csess id=1d4f7c1aa7eb err="session closed"
t=2026-02-28T15:58:27+0800 lvl=info msg="client session established" obj=tunnels.session
t=2026-02-28T15:58:27+0800 lvl=info msg="tunnel session started" obj=tunnels.session
t=2026-02-28T16:18:49+0800 lvl=eror msg="heartbeat timeout, terminating session" obj=tunnels.session obj=csess id=b9f61a065d6b clientid=a18b17605badb8172a9471753b799f5c
t=2026-02-28T16:18:49+0800 lvl=eror msg="session closed, starting reconnect loop" obj=tunnels.session obj=csess id=1d4f7c1aa7eb err="session closed"
t=2026-02-28T16:18:50+0800 lvl=info msg="client session established" obj=tunnels.session
t=2026-02-28T16:18:50+0800 lvl=info msg="tunnel session started" obj=tunnels.session
t=2026-02-28T17:45:06+0800 lvl=eror msg="heartbeat timeout, terminating session" obj=tunnels.session obj=csess id=9e10d94b1b47 clientid=a18b17605badb8172a9471753b799f5c
t=2026-02-28T17:45:06+0800 lvl=eror msg="session closed, starting reconnect loop" obj=tunnels.session obj=csess id=1d4f7c1aa7eb err="session closed"
t=2026-02-28T17:45:06+0800 lvl=info msg="client session established" obj=tunnels.session
t=2026-02-28T17:45:06+0800 lvl=info msg="tunnel session started" obj=tunnels.session
t=2026-02-28T17:47:35+0800 lvl=eror msg="heartbeat timeout, terminating session" obj=tunnels.session obj=csess id=94a4ea57e89f clientid=a18b17605badb8172a9471753b799f5c
t=2026-02-28T17:47:35+0800 lvl=eror msg="session closed, starting reconnect loop" obj=tunnels.session obj=csess id=1d4f7c1aa7eb err="session closed"
t=2026-02-28T17:47:36+0800 lvl=info msg="client session established" obj=tunnels.session
t=2026-02-28T17:47:36+0800 lvl=info msg="tunnel session started" obj=tunnels.session
t=2026-02-28T17:51:56+0800 lvl=eror msg="heartbeat timeout, terminating session" obj=tunnels.session obj=csess id=8810816c843a clientid=a18b17605badb8172a9471753b799f5c
t=2026-02-28T17:51:56+0800 lvl=eror msg="session closed, starting reconnect loop" obj=tunnels.session obj=csess id=1d4f7c1aa7eb err="session closed"
t=2026-02-28T17:51:57+0800 lvl=info msg="client session established" obj=tunnels.session
t=2026-02-28T17:51:57+0800 lvl=info msg="tunnel session started" obj=tunnels.session
t=2026-02-28T17:54:33+0800 lvl=eror msg="heartbeat timeout, terminating session" obj=tunnels.session obj=csess id=9ebb9130a390 clientid=a18b17605badb8172a9471753b799f5c
t=2026-02-28T17:54:33+0800 lvl=eror msg="session closed, starting reconnect loop" obj=tunnels.session obj=csess id=1d4f7c1aa7eb err="session closed"
t=2026-02-28T17:54:34+0800 lvl=info msg="client session established" obj=tunnels.session
t=2026-02-28T17:54:34+0800 lvl=info msg="tunnel session started" obj=tunnels.session
t=2026-02-28T18:36:23+0800 lvl=eror msg="session closed, starting reconnect loop" obj=tunnels.session obj=csess id=1d4f7c1aa7eb err="read tcp 192.168.68.56:59754->3.113.222.51:443: read: operation timed out"
t=2026-02-28T18:36:24+0800 lvl=info msg="client session established" obj=tunnels.session
t=2026-02-28T18:36:24+0800 lvl=info msg="tunnel session started" obj=tunnels.session
t=2026-02-28T18:36:30+0800 lvl=eror msg="heartbeat timeout, terminating session" obj=tunnels.session obj=csess id=49ab4f654e63 clientid=a18b17605badb8172a9471753b799f5c
t=2026-02-28T18:46:36+0800 lvl=eror msg="heartbeat timeout, terminating session" obj=tunnels.session obj=csess id=989cdfa8a166 clientid=a18b17605badb8172a9471753b799f5c
t=2026-02-28T18:46:36+0800 lvl=eror msg="session closed, starting reconnect loop" obj=tunnels.session obj=csess id=1d4f7c1aa7eb err="session closed"
t=2026-02-28T18:46:37+0800 lvl=info msg="client session established" obj=tunnels.session
t=2026-02-28T18:46:37+0800 lvl=info msg="tunnel session started" obj=tunnels.session
t=2026-02-28T20:56:12+0800 lvl=eror msg="heartbeat timeout, terminating session" obj=tunnels.session obj=csess id=d197f2c879c1 clientid=a18b17605badb8172a9471753b799f5c
t=2026-02-28T20:56:12+0800 lvl=eror msg="session closed, starting reconnect loop" obj=tunnels.session obj=csess id=1d4f7c1aa7eb err="session closed"
t=2026-02-28T20:56:12+0800 lvl=info msg="client session established" obj=tunnels.session
t=2026-02-28T20:56:12+0800 lvl=info msg="tunnel session started" obj=tunnels.session
t=2026-02-28T21:31:08+0800 lvl=eror msg="session closed, starting reconnect loop" obj=tunnels.session obj=csess id=1d4f7c1aa7eb err="read EOF from remote peer"
t=2026-02-28T21:31:08+0800 lvl=info msg="client session established" obj=tunnels.session
t=2026-02-28T21:31:08+0800 lvl=info msg="tunnel session started" obj=tunnels.session
t=2026-02-28T21:31:33+0800 lvl=eror msg="heartbeat timeout, terminating session" obj=tunnels.session obj=csess id=aced83cb139c clientid=a18b17605badb8172a9471753b799f5c
t=2026-02-28T21:43:25+0800 lvl=eror msg="session closed, starting reconnect loop" obj=tunnels.session obj=csess id=1d4f7c1aa7eb err="read EOF from remote peer"
t=2026-02-28T21:43:26+0800 lvl=info msg="client session established" obj=tunnels.session
t=2026-02-28T21:43:26+0800 lvl=info msg="tunnel session started" obj=tunnels.session
t=2026-02-28T22:00:06+0800 lvl=eror msg="heartbeat timeout, terminating session" obj=tunnels.session obj=csess id=e64899f78594 clientid=a18b17605badb8172a9471753b799f5c
t=2026-02-28T22:52:27+0800 lvl=eror msg="heartbeat timeout, terminating session" obj=tunnels.session obj=csess id=96ab6ecd1acc clientid=a18b17605badb8172a9471753b799f5c
t=2026-02-28T22:52:27+0800 lvl=eror msg="session closed, starting reconnect loop" obj=tunnels.session obj=csess id=1d4f7c1aa7eb err="session closed"
t=2026-02-28T22:52:27+0800 lvl=info msg="client session established" obj=tunnels.session
t=2026-02-28T22:52:27+0800 lvl=info msg="tunnel session started" obj=tunnels.session
t=2026-03-01T01:04:16+0800 lvl=eror msg="session closed, starting reconnect loop" obj=tunnels.session obj=csess id=1d4f7c1aa7eb err="read tcp 192.168.68.56:50620->3.113.222.51:443: read: operation timed out"
t=2026-03-01T01:04:17+0800 lvl=info msg="client session established" obj=tunnels.session
t=2026-03-01T01:04:17+0800 lvl=info msg="tunnel session started" obj=tunnels.session
t=2026-03-01T01:13:33+0800 lvl=eror msg="session closed, starting reconnect loop" obj=tunnels.session obj=csess id=1d4f7c1aa7eb err="read tcp 192.168.68.56:50709->54.64.15.12:443: read: connection reset by peer"
t=2026-03-01T01:13:33+0800 lvl=eror msg="heartbeat timeout, terminating session" obj=tunnels.session obj=csess id=f55bb5254b29 clientid=a18b17605badb8172a9471753b799f5c
t=2026-03-01T01:13:33+0800 lvl=info msg="client session established" obj=tunnels.session
t=2026-03-01T01:13:33+0800 lvl=info msg="tunnel session started" obj=tunnels.session
t=2026-03-01T02:53:19+0800 lvl=eror msg="heartbeat timeout, terminating session" obj=tunnels.session obj=csess id=2e1f5da18b53 clientid=a18b17605badb8172a9471753b799f5c
t=2026-03-01T03:03:30+0800 lvl=eror msg="session closed, starting reconnect loop" obj=tunnels.session obj=csess id=1d4f7c1aa7eb err="read tcp 192.168.68.56:50738->3.113.109.144:443: read: operation timed out"
t=2026-03-01T03:03:31+0800 lvl=info msg="client session established" obj=tunnels.session
t=2026-03-01T03:03:31+0800 lvl=info msg="tunnel session started" obj=tunnels.session
t=2026-03-01T03:03:33+0800 lvl=eror msg="heartbeat timeout, terminating session" obj=tunnels.session obj=csess id=e84b18bb601f clientid=a18b17605badb8172a9471753b799f5c
t=2026-03-01T05:56:37+0800 lvl=eror msg="session closed, starting reconnect loop" obj=tunnels.session obj=csess id=1d4f7c1aa7eb err="read tcp 192.168.68.56:50799->18.177.245.43:443: read: operation timed out"
t=2026-03-01T05:56:38+0800 lvl=info msg="client session established" obj=tunnels.session
t=2026-03-01T05:56:38+0800 lvl=info msg="tunnel session started" obj=tunnels.session
t=2026-03-01T05:56:41+0800 lvl=eror msg="heartbeat timeout, terminating session" obj=tunnels.session obj=csess id=2b8ae1237dd2 clientid=a18b17605badb8172a9471753b799f5c
t=2026-03-01T08:00:02+0800 lvl=eror msg="session closed, starting reconnect loop" obj=tunnels.session obj=csess id=1d4f7c1aa7eb err="read tcp 192.168.68.56:50862->57.180.103.55:443: read: operation timed out"
t=2026-03-01T08:00:03+0800 lvl=info msg="client session established" obj=tunnels.session
t=2026-03-01T08:00:03+0800 lvl=info msg="tunnel session started" obj=tunnels.session
t=2026-03-01T08:00:08+0800 lvl=eror msg="heartbeat timeout, terminating session" obj=tunnels.session obj=csess id=ed8bd9b57274 clientid=a18b17605badb8172a9471753b799f5c
t=2026-03-01T09:35:09+0800 lvl=eror msg="session closed, starting reconnect loop" obj=tunnels.session obj=csess id=1d4f7c1aa7eb err="read tcp 192.168.68.56:50913->54.64.15.12:443: read: operation timed out"
t=2026-03-01T09:35:10+0800 lvl=info msg="client session established" obj=tunnels.session
t=2026-03-01T09:35:10+0800 lvl=info msg="tunnel session started" obj=tunnels.session
t=2026-03-01T09:35:14+0800 lvl=eror msg="heartbeat timeout, terminating session" obj=tunnels.session obj=csess id=bab74d5ea4cb clientid=a18b17605badb8172a9471753b799f5c
t=2026-03-01T09:44:09+0800 lvl=eror msg="session closed, starting reconnect loop" obj=tunnels.session obj=csess id=1d4f7c1aa7eb err="read tcp 192.168.68.56:50985->3.113.222.51:443: read: connection reset by peer"
t=2026-03-01T09:44:09+0800 lvl=info msg="client session established" obj=tunnels.session
t=2026-03-01T09:44:09+0800 lvl=info msg="tunnel session started" obj=tunnels.session
t=2026-03-01T09:44:24+0800 lvl=eror msg="heartbeat timeout, terminating session" obj=tunnels.session obj=csess id=18981f099320 clientid=a18b17605badb8172a9471753b799f5c
t=2026-03-01T10:07:30+0800 lvl=eror msg="heartbeat timeout, terminating session" obj=tunnels.session obj=csess id=d4f3745c46f9 clientid=a18b17605badb8172a9471753b799f5c
t=2026-03-01T10:07:30+0800 lvl=eror msg="session closed, starting reconnect loop" obj=tunnels.session obj=csess id=1d4f7c1aa7eb err="session closed"
t=2026-03-01T10:07:31+0800 lvl=info msg="client session established" obj=tunnels.session
t=2026-03-01T10:07:31+0800 lvl=info msg="tunnel session started" obj=tunnels.session
t=2026-03-01T12:09:20+0800 lvl=eror msg="heartbeat timeout, terminating session" obj=tunnels.session obj=csess id=fe00cb3dbb81 clientid=a18b17605badb8172a9471753b799f5c
t=2026-03-01T12:09:20+0800 lvl=eror msg="session closed, starting reconnect loop" obj=tunnels.session obj=csess id=1d4f7c1aa7eb err="session closed"
t=2026-03-01T12:09:21+0800 lvl=info msg="client session established" obj=tunnels.session
t=2026-03-01T12:09:21+0800 lvl=info msg="tunnel session started" obj=tunnels.session
t=2026-03-01T12:21:38+0800 lvl=eror msg="heartbeat timeout, terminating session" obj=tunnels.session obj=csess id=cc4f6e165c9c clientid=a18b17605badb8172a9471753b799f5c
t=2026-03-01T12:21:38+0800 lvl=eror msg="session closed, starting reconnect loop" obj=tunnels.session obj=csess id=1d4f7c1aa7eb err="session closed"
t=2026-03-01T12:21:39+0800 lvl=info msg="client session established" obj=tunnels.session
t=2026-03-01T12:21:39+0800 lvl=info msg="tunnel session started" obj=tunnels.session
t=2026-03-01T12:33:11+0800 lvl=eror msg="heartbeat timeout, terminating session" obj=tunnels.session obj=csess id=b953f6760fb4 clientid=a18b17605badb8172a9471753b799f5c
t=2026-03-01T12:33:11+0800 lvl=eror msg="session closed, starting reconnect loop" obj=tunnels.session obj=csess id=1d4f7c1aa7eb err="session closed"
t=2026-03-01T12:33:11+0800 lvl=info msg="client session established" obj=tunnels.session
t=2026-03-01T12:33:11+0800 lvl=info msg="tunnel session started" obj=tunnels.session
t=2026-03-01T13:57:54+0800 lvl=eror msg="session closed, starting reconnect loop" obj=tunnels.session obj=csess id=1d4f7c1aa7eb err="read tcp 192.168.68.56:55401->18.177.245.43:443: read: operation timed out"
t=2026-03-01T13:57:55+0800 lvl=info msg="client session established" obj=tunnels.session
t=2026-03-01T13:57:55+0800 lvl=info msg="tunnel session started" obj=tunnels.session
t=2026-03-01T14:42:12+0800 lvl=eror msg="heartbeat timeout, terminating session" obj=tunnels.session obj=csess id=8be2abff1901 clientid=a18b17605badb8172a9471753b799f5c
t=2026-03-01T14:58:59+0800 lvl=eror msg="session closed, starting reconnect loop" obj=tunnels.session obj=csess id=1d4f7c1aa7eb err="read tcp 192.168.68.56:55448->54.64.15.12:443: read: operation timed out"
t=2026-03-01T14:59:00+0800 lvl=info msg="client session established" obj=tunnels.session
t=2026-03-01T14:59:00+0800 lvl=info msg="tunnel session started" obj=tunnels.session
t=2026-03-01T14:59:02+0800 lvl=eror msg="heartbeat timeout, terminating session" obj=tunnels.session obj=csess id=19709191c6e9 clientid=a18b17605badb8172a9471753b799f5c
t=2026-03-01T15:14:30+0800 lvl=eror msg="heartbeat timeout, terminating session" obj=tunnels.session obj=csess id=d204694a264a clientid=a18b17605badb8172a9471753b799f5c
t=2026-03-01T15:14:30+0800 lvl=eror msg="session closed, starting reconnect loop" obj=tunnels.session obj=csess id=1d4f7c1aa7eb err="session closed"
t=2026-03-01T15:14:31+0800 lvl=info msg="client session established" obj=tunnels.session
t=2026-03-01T15:14:31+0800 lvl=info msg="tunnel session started" obj=tunnels.session
t=2026-03-01T15:33:40+0800 lvl=eror msg="heartbeat timeout, terminating session" obj=tunnels.session obj=csess id=537899203134 clientid=a18b17605badb8172a9471753b799f5c
t=2026-03-01T15:33:40+0800 lvl=eror msg="session closed, starting reconnect loop" obj=tunnels.session obj=csess id=1d4f7c1aa7eb err="session closed"
t=2026-03-01T15:33:41+0800 lvl=info msg="client session established" obj=tunnels.session
t=2026-03-01T15:33:41+0800 lvl=info msg="tunnel session started" obj=tunnels.session
t=2026-03-01T15:38:04+0800 lvl=eror msg="heartbeat timeout, terminating session" obj=tunnels.session obj=csess id=bc2d94b000fe clientid=a18b17605badb8172a9471753b799f5c
t=2026-03-01T15:38:04+0800 lvl=eror msg="session closed, starting reconnect loop" obj=tunnels.session obj=csess id=1d4f7c1aa7eb err="session closed"
t=2026-03-01T15:38:04+0800 lvl=info msg="client session established" obj=tunnels.session
t=2026-03-01T15:38:04+0800 lvl=info msg="tunnel session started" obj=tunnels.session
t=2026-03-01T15:41:16+0800 lvl=eror msg="heartbeat timeout, terminating session" obj=tunnels.session obj=csess id=05111daf39a1 clientid=a18b17605badb8172a9471753b799f5c
t=2026-03-01T15:41:16+0800 lvl=eror msg="session closed, starting reconnect loop" obj=tunnels.session obj=csess id=1d4f7c1aa7eb err="session closed"
t=2026-03-01T15:41:16+0800 lvl=info msg="client session established" obj=tunnels.session
t=2026-03-01T15:41:16+0800 lvl=info msg="tunnel session started" obj=tunnels.session
t=2026-03-01T15:43:12+0800 lvl=eror msg="heartbeat timeout, terminating session" obj=tunnels.session obj=csess id=f741b2c6ae6d clientid=a18b17605badb8172a9471753b799f5c
t=2026-03-01T15:43:12+0800 lvl=eror msg="session closed, starting reconnect loop" obj=tunnels.session obj=csess id=1d4f7c1aa7eb err="session closed"
t=2026-03-01T15:43:13+0800 lvl=info msg="client session established" obj=tunnels.session
t=2026-03-01T15:43:13+0800 lvl=info msg="tunnel session started" obj=tunnels.session
t=2026-03-01T17:13:09+0800 lvl=eror msg="session closed, starting reconnect loop" obj=tunnels.session obj=csess id=1d4f7c1aa7eb err="read tcp 192.168.68.56:55835->57.180.103.55:443: read: operation timed out"
t=2026-03-01T17:13:09+0800 lvl=info msg="client session established" obj=tunnels.session
t=2026-03-01T17:13:09+0800 lvl=info msg="tunnel session started" obj=tunnels.session
t=2026-03-01T17:13:12+0800 lvl=eror msg="heartbeat timeout, terminating session" obj=tunnels.session obj=csess id=a73e3970e1bf clientid=a18b17605badb8172a9471753b799f5c
t=2026-03-01T17:49:33+0800 lvl=eror msg="heartbeat timeout, terminating session" obj=tunnels.session obj=csess id=ca498562bd55 clientid=a18b17605badb8172a9471753b799f5c
t=2026-03-01T17:49:33+0800 lvl=eror msg="session closed, starting reconnect loop" obj=tunnels.session obj=csess id=1d4f7c1aa7eb err="session closed"
t=2026-03-01T17:49:33+0800 lvl=info msg="client session established" obj=tunnels.session
t=2026-03-01T17:49:33+0800 lvl=info msg="tunnel session started" obj=tunnels.session
t=2026-03-01T17:50:15+0800 lvl=eror msg="session closed, starting reconnect loop" obj=tunnels.session obj=csess id=1d4f7c1aa7eb err="read EOF from remote peer"
t=2026-03-01T17:50:16+0800 lvl=info msg="client session established" obj=tunnels.session
t=2026-03-01T17:50:16+0800 lvl=info msg="tunnel session started" obj=tunnels.session
t=2026-03-01T17:58:34+0800 lvl=eror msg="heartbeat timeout, terminating session" obj=tunnels.session obj=csess id=13d0cac2cec5 clientid=a18b17605badb8172a9471753b799f5c
t=2026-03-01T17:58:36+0800 lvl=eror msg="session closed, starting reconnect loop" obj=tunnels.session obj=csess id=1d4f7c1aa7eb err="read tcp 192.168.68.56:56573->54.64.15.12:443: read: connection reset by peer"
t=2026-03-01T17:58:37+0800 lvl=info msg="client session established" obj=tunnels.session
t=2026-03-01T17:58:37+0800 lvl=info msg="tunnel session started" obj=tunnels.session
t=2026-03-01T17:58:51+0800 lvl=eror msg="heartbeat timeout, terminating session" obj=tunnels.session obj=csess id=3004bee326a7 clientid=a18b17605badb8172a9471753b799f5c
t=2026-03-01T19:51:50+0800 lvl=eror msg="heartbeat timeout, terminating session" obj=tunnels.session obj=csess id=fb96eed5c662 clientid=a18b17605badb8172a9471753b799f5c
t=2026-03-01T19:51:50+0800 lvl=eror msg="session closed, starting reconnect loop" obj=tunnels.session obj=csess id=1d4f7c1aa7eb err="session closed"
t=2026-03-01T19:51:50+0800 lvl=info msg="client session established" obj=tunnels.session
t=2026-03-01T19:51:50+0800 lvl=info msg="tunnel session started" obj=tunnels.session
t=2026-03-01T19:58:09+0800 lvl=eror msg="session closed, starting reconnect loop" obj=tunnels.session obj=csess id=1d4f7c1aa7eb err="read tcp 192.168.68.56:58771->18.177.245.43:443: read: connection reset by peer"
t=2026-03-01T19:58:10+0800 lvl=info msg="client session established" obj=tunnels.session
t=2026-03-01T19:58:10+0800 lvl=info msg="tunnel session started" obj=tunnels.session
t=2026-03-01T19:58:26+0800 lvl=eror msg="heartbeat timeout, terminating session" obj=tunnels.session obj=csess id=cc6950cc71d9 clientid=a18b17605badb8172a9471753b799f5c
